<?xml version="1.0" encoding="UTF-8"?>
<testng-results ignored="0" total="1" passed="1" failed="0" skipped="0">
  <reporter-output>
  </reporter-output>
  <suite started-at="2023-10-29T18:49:17 IST" name="Default suite" finished-at="2023-10-29T18:49:22 IST" duration-ms="5397">
    <groups>
    </groups>
    <test started-at="2023-10-29T18:49:17 IST" name="Default test" finished-at="2023-10-29T18:49:22 IST" duration-ms="5397">
      <class name="cucumberWithSelenium.LoginTest">
        <test-method is-config="true" signature="configureBrowser()[pri:0, instance:cucumberWithSelenium.LoginTest@45099dd3]" started-at="2023-10-29T18:49:17 IST" name="configureBrowser" finished-at="2023-10-29T18:49:19 IST" duration-ms="2029" status="PASS">
          <reporter-output>
          </reporter-output>
        </test-method> <!-- configureBrowser -->
        <test-method signature="UserLoginTest()[pri:0, instance:cucumberWithSelenium.LoginTest@45099dd3]" started-at="2023-10-29T18:49:19 IST" name="UserLoginTest" finished-at="2023-10-29T18:49:22 IST" duration-ms="3195" status="PASS">
          <reporter-output>
          </reporter-output>
        </test-method> <!-- UserLoginTest -->
        <test-method is-config="true" signature="closeApplication()[pri:0, instance:cucumberWithSelenium.LoginTest@45099dd3]" started-at="2023-10-29T18:49:22 IST" name="closeApplication" finished-at="2023-10-29T18:49:22 IST" duration-ms="131" status="PASS">
          <reporter-output>
          </reporter-output>
        </test-method> <!-- closeApplication -->
      </class> <!-- cucumberWithSelenium.LoginTest -->
    </test> <!-- Default test -->
  </suite> <!-- Default suite -->
</testng-results>
